===================================
Inicializando treinamento
Device: cuda
Batch size: 128
Epochs: 7
===================================
Tamanho do dataset de treino: 50000
Tamanho do dataset de teste: 10000
Entrou na função main...

===== Epoch 1/7 =====
Resumo Epoch 1: Loss: 0.6343 | Train Acc: 78.58% | Test Acc: 80.19%

===== Epoch 2/7 =====
Resumo Epoch 2: Loss: 0.3915 | Train Acc: 86.68% | Test Acc: 84.06%

===== Epoch 3/7 =====
Resumo Epoch 3: Loss: 0.3130 | Train Acc: 89.24% | Test Acc: 88.58%

===== Epoch 4/7 =====
Resumo Epoch 4: Loss: 0.2636 | Train Acc: 91.01% | Test Acc: 89.21%                                                                                                         

===== Epoch 5/7 =====
Resumo Epoch 5: Loss: 0.2274 | Train Acc: 92.18% | Test Acc: 88.61%                                                                                                         

===== Epoch 6/7 =====
Resumo Epoch 6: Loss: 0.2001 | Train Acc: 93.06% | Test Acc: 90.34%                                                                                                         

===== Epoch 7/7 =====
Resumo Epoch 7: Loss: 0.1784 | Train Acc: 93.78% | Test Acc: 91.31%                                                                                                         

Treinamento finalizado.
PS C:\Users\joaov_zm1q2wh\projects\quantization> python .\src\resnet50_pretrained.py
===================================
Inicializando treinamento
Device: cuda
Batch size: 128
Epochs: 10
===================================
Tamanho do dataset de treino: 50000
Tamanho do dataset de teste: 10000
Entrou na função main...

===== Epoch 1/10 =====
Resumo Epoch 1: Loss: 0.6196 | Train Acc: 78.77% | Test Acc: 73.16%                                                                                                         

===== Epoch 2/10 =====
Resumo Epoch 2: Loss: 0.3883 | Train Acc: 86.68% | Test Acc: 85.89%                                                                                                         

===== Epoch 3/10 =====
Resumo Epoch 3: Loss: 0.3070 | Train Acc: 89.66% | Test Acc: 85.09%                                                                                                         

===== Epoch 4/10 =====
Resumo Epoch 4: Loss: 0.2616 | Train Acc: 91.03% | Test Acc: 89.73%                                                                                                         

===== Epoch 5/10 =====
Resumo Epoch 5: Loss: 0.2220 | Train Acc: 92.37% | Test Acc: 89.46%                                                                                                         

===== Epoch 6/10 =====
Resumo Epoch 6: Loss: 0.2000 | Train Acc: 93.12% | Test Acc: 89.97%                                                                                                         

===== Epoch 7/10 =====
Resumo Epoch 7: Loss: 0.1770 | Train Acc: 93.89% | Test Acc: 90.09%                                                                                                         

===== Epoch 8/10 =====
Resumo Epoch 8: Loss: 0.1626 | Train Acc: 94.26% | Test Acc: 90.97%                                                                                                         

===== Epoch 9/10 =====
Resumo Epoch 9: Loss: 0.1480 | Train Acc: 94.89% | Test Acc: 90.62%                                                                                                         

===== Epoch 10/10 =====
Resumo Epoch 10: Loss: 0.1296 | Train Acc: 95.49% | Test Acc: 90.03%                                                                                                        

Treinamento finalizado.